<?xml version="1.0" encoding="UTF-8"?>
<!-- Generated by org.testng.reporters.JUnitReportReporter -->
<testsuite skipped="0" hostname="DESKTOP-LKUJ5DI" name="testngBasics.testNgAnnotations" tests="2" failures="0" timestamp="25 Aug 2019 07:03:22 GMT" time="0.008" errors="0">
  <testcase name="Test2" time="0.006" classname="testngBasics.testNgAnnotations"/>
  <testcase name="Test1" time="0.002" classname="testngBasics.testNgAnnotations"/>
</testsuite> <!-- testngBasics.testNgAnnotations -->
