<?xml version="1.0" encoding="UTF-8"?>
<!-- Generated by org.testng.reporters.JUnitReportReporter -->
<testsuite skipped="0" hostname="DESKTOP-LKUJ5DI" name="parallelTeting.parallelExecution" tests="2" failures="0" timestamp="28 Aug 2019 17:22:39 GMT" time="53.953" errors="0">
  <testcase name="loginZoho" time="36.988" classname="parallelTeting.parallelExecution"/>
  <testcase name="loginZoho" time="16.965" classname="parallelTeting.parallelExecution"/>
</testsuite> <!-- parallelTeting.parallelExecution -->
